<?xml version="1.0" encoding="UTF-8"?>
<testng-results ignored="1" total="2" passed="1" failed="0" skipped="0">
  <reporter-output>
  </reporter-output>
  <suite started-at="2020-04-24T21:06:53 PDT" name="Suite" finished-at="2020-04-24T21:07:49 PDT" duration-ms="55846">
    <groups>
    </groups>
    <test started-at="2020-04-24T21:06:53 PDT" name="Test" finished-at="2020-04-24T21:07:49 PDT" duration-ms="55846">
      <class name="test.TestCase">
        <test-method signature="search()[pri:1, instance:test.TestCase@525b461a]" started-at="2020-04-24T21:06:53 PDT" name="search" finished-at="2020-04-24T21:07:49 PDT" duration-ms="55615" status="PASS">
          <reporter-output>
          </reporter-output>
        </test-method> <!-- search -->
      </class> <!-- test.TestCase -->
    </test> <!-- Test -->
  </suite> <!-- Suite -->
</testng-results>
