<?xml version="1.0" encoding="UTF-8"?>
<testng-results ignored="1" total="2" passed="1" failed="0" skipped="0">
  <reporter-output>
  </reporter-output>
  <suite started-at="2020-04-24T19:52:12 PDT" name="Default suite" finished-at="2020-04-24T19:52:35 PDT" duration-ms="23034">
    <groups>
    </groups>
    <test started-at="2020-04-24T19:52:12 PDT" name="Default test" finished-at="2020-04-24T19:52:35 PDT" duration-ms="23034">
      <class name="test.TestCase">
        <test-method signature="search()[pri:1, instance:test.TestCase@3745e5c6]" started-at="2020-04-24T19:52:12 PDT" name="search" finished-at="2020-04-24T19:52:35 PDT" duration-ms="22891" status="PASS">
          <reporter-output>
          </reporter-output>
        </test-method> <!-- search -->
      </class> <!-- test.TestCase -->
    </test> <!-- Default test -->
  </suite> <!-- Default suite -->
</testng-results>
